app/build/intermediates/manifest_merge_blame_file/debug/manifest-merger-blame-debug-report.txt
1<?xml version="1.0" encoding="utf-8"?>
2<manifest xmlns:android="http://schemas.android.com/apk/res/android"
3    package="com.example.groceryapp"
4    android:versionCode="1"
5    android:versionName="1.0" >
6
7    <uses-sdk
8        android:minSdkVersion="16"
8-->src/main/AndroidManifest.xml
9        android:targetSdkVersion="30" />
9-->src/main/AndroidManifest.xml
10
11    <application
11-->src/main/AndroidManifest.xml:5:5-27:15
12        android:allowBackup="true"
12-->src/main/AndroidManifest.xml:6:9-35
13        android:appComponentFactory="androidx.core.app.CoreComponentFactory"
13-->[androidx.core:core:1.3.1] AndroidManifest.xml:24:18-86
14        android:debuggable="true"
15        android:icon="@mipmap/ic_launcher"
15-->src/main/AndroidManifest.xml:7:9-43
16        android:label="@string/app_name"
16-->src/main/AndroidManifest.xml:8:9-41
17        android:roundIcon="@mipmap/ic_launcher_round"
17-->src/main/AndroidManifest.xml:9:9-54
18        android:supportsRtl="true"
18-->src/main/AndroidManifest.xml:10:9-35
19        android:testOnly="true"
20        android:theme="@style/Theme.GroceryApp" >
20-->src/main/AndroidManifest.xml:11:9-48
21        <activity
21-->src/main/AndroidManifest.xml:12:5-21:16
22            android:name="com.example.groceryapp.Activities.MainActivity"
22-->src/main/AndroidManifest.xml:13:9-48
23            android:label="@string/app_name"
23-->src/main/AndroidManifest.xml:14:9-41
24            android:theme="@style/Theme.AppCompat.NoActionBar" >
24-->src/main/AndroidManifest.xml:15:9-59
25            <intent-filter>
25-->src/main/AndroidManifest.xml:16:9-20:25
26                <action android:name="android.intent.action.MAIN" />
26-->src/main/AndroidManifest.xml:17:13-65
26-->src/main/AndroidManifest.xml:17:21-62
27
28                <category android:name="android.intent.category.LAUNCHER" />
28-->src/main/AndroidManifest.xml:19:13-73
28-->src/main/AndroidManifest.xml:19:23-70
29            </intent-filter>
30        </activity>
31        <activity
31-->src/main/AndroidManifest.xml:22:5-25:62
32            android:name="com.example.groceryapp.Activities.ListActivity"
32-->src/main/AndroidManifest.xml:23:9-48
33            android:label="@string/title_activity_list"
33-->src/main/AndroidManifest.xml:24:9-52
34            android:theme="@style/Theme.AppCompat.NoActionBar" />
34-->src/main/AndroidManifest.xml:25:9-59
35        <activity android:name="com.example.groceryapp.Activities.DetailsActivity" />
35-->src/main/AndroidManifest.xml:26:5-69
35-->src/main/AndroidManifest.xml:26:15-57
36    </application>
37
38</manifest>